{"/home/vinicius/Documentos/Teste/Desafio/src/App.tsx": {"path":"/home/vinicius/Documentos/Teste/Desafio/src/App.tsx","statementMap":{"0":{"start":{"line":1,"column":0},"end":{"line":1,"column":19}},"1":{"start":{"line":2,"column":0},"end":{"line":2,"column":46}},"2":{"start":{"line":5,"column":2},"end":{"line":9,"column":4}},"3":{"start":{"line":12,"column":0},"end":{"line":12,"column":19}}},"fnMap":{"0":{"name":"App","decl":{"start":{"line":4,"column":9},"end":{"line":4,"column":12}},"loc":{"start":{"line":4,"column":12},"end":{"line":10,"column":1}}}},"branchMap":{},"s":{"0":0,"1":0,"2":0,"3":0},"f":{"0":0},"b":{}}
,"/home/vinicius/Documentos/Teste/Desafio/src/Components/Card/index.tsx": {"path":"/home/vinicius/Documentos/Teste/Desafio/src/Components/Card/index.tsx","statementMap":{"0":{"start":{"line":2,"column":0},"end":{"line":2,"column":null}},"1":{"start":{"line":22,"column":34},"end":{"line":48,"column":1}},"2":{"start":{"line":23,"column":7},"end":{"line":23,"column":null}},"3":{"start":{"line":24,"column":6},"end":{"line":24,"column":null}},"4":{"start":{"line":25,"column":7},"end":{"line":25,"column":null}},"5":{"start":{"line":26,"column":7},"end":{"line":26,"column":null}},"6":{"start":{"line":27,"column":13},"end":{"line":27,"column":null}},"7":{"start":{"line":28,"column":9},"end":{"line":28,"column":null}},"8":{"start":{"line":30,"column":2},"end":{"line":47,"column":4}},"9":{"start":{"line":50,"column":0},"end":{"line":50,"column":20}}},"fnMap":{"0":{"name":"(anonymous_0)","decl":{"start":{"line":22,"column":34},"end":{"line":22,"column":35}},"loc":{"start":{"line":29,"column":1},"end":{"line":48,"column":1}}}},"branchMap":{},"s":{"0":0,"1":0,"2":0,"3":0,"4":0,"5":0,"6":0,"7":0,"8":0,"9":0},"f":{"0":0},"b":{}}
,"/home/vinicius/Documentos/Teste/Desafio/src/Pages/ProductList/Skeleton/index.tsx": {"path":"/home/vinicius/Documentos/Teste/Desafio/src/Pages/ProductList/Skeleton/index.tsx","statementMap":{"0":{"start":{"line":2,"column":0},"end":{"line":2,"column":37}},"1":{"start":{"line":3,"column":0},"end":{"line":3,"column":46}},"2":{"start":{"line":5,"column":38},"end":{"line":18,"column":1}},"3":{"start":{"line":6,"column":2},"end":{"line":17,"column":4}},"4":{"start":{"line":20,"column":0},"end":{"line":20,"column":35}}},"fnMap":{"0":{"name":"(anonymous_1)","decl":{"start":{"line":5,"column":38},"end":{"line":5,"column":null}},"loc":{"start":{"line":5,"column":38},"end":{"line":18,"column":1}}}},"branchMap":{},"s":{"0":0,"1":0,"2":0,"3":0,"4":0},"f":{"0":0},"b":{}}
}
